# JRE version: Java(TM) SE Runtime Environment (23.0.1+11) (build 23.0.1+11-39)
# Java VM: Java HotSpot(TM) 64-Bit Server VM (23.0.1+11-39, mixed mode, emulated-client, sharing, tiered, compressed oops, compressed class ptrs, g1 gc, windows-amd64)
GC Precious Log:
 CardTable entry size: 512
 Card Set container configuration: InlinePtr #cards 4 size 8 Array Of Cards #cards 16 size 48 Howl #buckets 8 coarsen threshold 3686 Howl Bitmap #cards 512 size 80 coarsen threshold 460 Card regions per heap region 1 cards per card region 4096
 CPUs: 16 total, 16 available
 Memory: 15716M
 Large Page Support: Disabled
 NUMA Support: Disabled
 Compressed Oops: Enabled (Zero based)
 Heap Region Size: 2M
 Heap Min Capacity: 8M
 Heap Initial Capacity: 246M
 Heap Max Capacity: 3930M
 Pre-touch: Disabled
 Parallel Workers: 13
 Concurrent Workers: 3
 Concurrent Refinement Workers: 13
 Periodic GC: Disabled
Heap:
 garbage-first heap   total reserved 4024320K, committed 75776K, used 34917K [0x000000070a600000, 0x0000000800000000)
  region size 2048K, 5 young (10240K), 2 survivors (4096K)
 Metaspace       used 67101K, committed 67904K, reserved 1114112K
  class space    used 9844K, committed 10176K, reserved 1048576K
GC Heap History (20 events):
Event: 1.459 GC heap before
{Heap before GC invocations=5 (full 0):
 garbage-first heap   total reserved 4024320K, committed 40960K, used 30094K [0x000000070a600000, 0x0000000800000000)
  region size 2048K, 10 young (20480K), 2 survivors (4096K)
 Metaspace       used 23643K, committed 24128K, reserved 1114112K
  class space    used 3252K, committed 3456K, reserved 1048576K
}
Event: 1.463 GC heap after
{Heap after GC invocations=6 (full 0):
 garbage-first heap   total reserved 4024320K, committed 40960K, used 15609K [0x000000070a600000, 0x0000000800000000)
  region size 2048K, 1 young (2048K), 1 survivors (2048K)
 Metaspace       used 23643K, committed 24128K, reserved 1114112K
  class space    used 3252K, committed 3456K, reserved 1048576K
}
Event: 1.665 GC heap before
{Heap before GC invocations=6 (full 0):
 garbage-first heap   total reserved 4024320K, committed 40960K, used 29945K [0x000000070a600000, 0x0000000800000000)
  region size 2048K, 8 young (16384K), 1 survivors (2048K)
 Metaspace       used 25731K, committed 26176K, reserved 1114112K
  class space    used 3589K, committed 3776K, reserved 1048576K
}
Event: 1.668 GC heap after
{Heap after GC invocations=7 (full 0):
 garbage-first heap   total reserved 4024320K, committed 40960K, used 17298K [0x000000070a600000, 0x0000000800000000)
  region size 2048K, 1 young (2048K), 1 survivors (2048K)
 Metaspace       used 25731K, committed 26176K, reserved 1114112K
  class space    used 3589K, committed 3776K, reserved 1048576K
}
Event: 1.879 GC heap before
{Heap before GC invocations=7 (full 0):
 garbage-first heap   total reserved 4024320K, committed 40960K, used 31634K [0x000000070a600000, 0x0000000800000000)
  region size 2048K, 8 young (16384K), 1 survivors (2048K)
 Metaspace       used 27832K, committed 28352K, reserved 1114112K
  class space    used 3964K, committed 4224K, reserved 1048576K
}
Event: 1.884 GC heap after
{Heap after GC invocations=8 (full 0):
 garbage-first heap   total reserved 4024320K, committed 40960K, used 18787K [0x000000070a600000, 0x0000000800000000)
  region size 2048K, 1 young (2048K), 1 survivors (2048K)
 Metaspace       used 27832K, committed 28352K, reserved 1114112K
  class space    used 3964K, committed 4224K, reserved 1048576K
}
Event: 2.092 GC heap before
{Heap before GC invocations=8 (full 0):
 garbage-first heap   total reserved 4024320K, committed 40960K, used 33123K [0x000000070a600000, 0x0000000800000000)
  region size 2048K, 8 young (16384K), 1 survivors (2048K)
 Metaspace       used 30260K, committed 30784K, reserved 1114112K
  class space    used 4262K, committed 4480K, reserved 1048576K
}
Event: 2.094 GC heap after
{Heap after GC invocations=9 (full 0):
 garbage-first heap   total reserved 4024320K, committed 147456K, used 19923K [0x000000070a600000, 0x0000000800000000)
  region size 2048K, 1 young (2048K), 1 survivors (2048K)
 Metaspace       used 30260K, committed 30784K, reserved 1114112K
  class space    used 4262K, committed 4480K, reserved 1048576K
}
Event: 2.252 GC heap before
{Heap before GC invocations=9 (full 0):
 garbage-first heap   total reserved 4024320K, committed 147456K, used 32211K [0x000000070a600000, 0x0000000800000000)
  region size 2048K, 8 young (16384K), 1 survivors (2048K)
 Metaspace       used 32986K, committed 33536K, reserved 1114112K
  class space    used 4657K, committed 4928K, reserved 1048576K
}
Event: 2.254 GC heap after
{Heap after GC invocations=10 (full 0):
 garbage-first heap   total reserved 4024320K, committed 147456K, used 20544K [0x000000070a600000, 0x0000000800000000)
  region size 2048K, 1 young (2048K), 1 survivors (2048K)
 Metaspace       used 32986K, committed 33536K, reserved 1114112K
  class space    used 4657K, committed 4928K, reserved 1048576K
}
Event: 2.973 GC heap before
{Heap before GC invocations=11 (full 0):
 garbage-first heap   total reserved 4024320K, committed 75776K, used 63552K [0x000000070a600000, 0x0000000800000000)
  region size 2048K, 22 young (45056K), 1 survivors (2048K)
 Metaspace       used 43648K, committed 44288K, reserved 1114112K
  class space    used 6249K, committed 6528K, reserved 1048576K
}
Event: 2.975 GC heap after
{Heap after GC invocations=12 (full 0):
 garbage-first heap   total reserved 4024320K, committed 75776K, used 22967K [0x000000070a600000, 0x0000000800000000)
  region size 2048K, 3 young (6144K), 3 survivors (6144K)
 Metaspace       used 43648K, committed 44288K, reserved 1114112K
  class space    used 6249K, committed 6528K, reserved 1048576K
}
Event: 3.472 GC heap before
{Heap before GC invocations=12 (full 0):
 garbage-first heap   total reserved 4024320K, committed 75776K, used 57783K [0x000000070a600000, 0x0000000800000000)
  region size 2048K, 20 young (40960K), 3 survivors (6144K)
 Metaspace       used 52129K, committed 52736K, reserved 1114112K
  class space    used 7624K, committed 7872K, reserved 1048576K
}
Event: 3.475 GC heap after
{Heap after GC invocations=13 (full 0):
 garbage-first heap   total reserved 4024320K, committed 75776K, used 23797K [0x000000070a600000, 0x0000000800000000)
  region size 2048K, 3 young (6144K), 3 survivors (6144K)
 Metaspace       used 52129K, committed 52736K, reserved 1114112K
  class space    used 7624K, committed 7872K, reserved 1048576K
}
Event: 3.843 GC heap before
{Heap before GC invocations=13 (full 0):
 garbage-first heap   total reserved 4024320K, committed 75776K, used 38133K [0x000000070a600000, 0x0000000800000000)
  region size 2048K, 11 young (22528K), 3 survivors (6144K)
 Metaspace       used 55620K, committed 56320K, reserved 1114112K
  class space    used 8128K, committed 8448K, reserved 1048576K
}
Event: 3.845 GC heap after
{Heap after GC invocations=14 (full 0):
 garbage-first heap   total reserved 4024320K, committed 75776K, used 25220K [0x000000070a600000, 0x0000000800000000)
  region size 2048K, 2 young (4096K), 2 survivors (4096K)
 Metaspace       used 55620K, committed 56320K, reserved 1114112K
  class space    used 8128K, committed 8448K, reserved 1048576K
}
Event: 4.266 GC heap before
{Heap before GC invocations=15 (full 0):
 garbage-first heap   total reserved 4024320K, committed 75776K, used 62084K [0x000000070a600000, 0x0000000800000000)
  region size 2048K, 20 young (40960K), 2 survivors (4096K)
 Metaspace       used 59780K, committed 60544K, reserved 1114112K
  class space    used 8784K, committed 9088K, reserved 1048576K
}
Event: 4.269 GC heap after
{Heap after GC invocations=16 (full 0):
 garbage-first heap   total reserved 4024320K, committed 75776K, used 28531K [0x000000070a600000, 0x0000000800000000)
  region size 2048K, 3 young (6144K), 3 survivors (6144K)
 Metaspace       used 59780K, committed 60544K, reserved 1114112K
  class space    used 8784K, committed 9088K, reserved 1048576K
}
Event: 71.589 GC heap before
{Heap before GC invocations=16 (full 0):
 garbage-first heap   total reserved 4024320K, committed 75776K, used 59251K [0x000000070a600000, 0x0000000800000000)
  region size 2048K, 19 young (38912K), 3 survivors (6144K)
 Metaspace       used 67099K, committed 67904K, reserved 1114112K
  class space    used 9843K, committed 10176K, reserved 1048576K
}
Event: 71.594 GC heap after
{Heap after GC invocations=17 (full 0):
 garbage-first heap   total reserved 4024320K, committed 75776K, used 30821K [0x000000070a600000, 0x0000000800000000)
  region size 2048K, 2 young (4096K), 2 survivors (4096K)
 Metaspace       used 67099K, committed 67904K, reserved 1114112K
  class space    used 9843K, committed 10176K, reserved 1048576K
}

